<?xml version="1.0" encoding="UTF-8"?>
<testsuite xmlns:xsi="http://www.w3.org/2001/XMLSchema-instance" xsi:schemaLocation="https://maven.apache.org/surefire/maven-surefire-plugin/xsd/surefire-test-report.xsd" name="com.memorynotfound.hibernate.JPAHibernateCRUDTest" time="2.471" tests="4" errors="0" skipped="0" failures="0">
  <properties>
[...]
</properties>
  <testcase name="testGetObjectById_success" classname="com.memorynotfound.hibernate.JPAHibernateCRUDTest" time="0.046"/>
  <testcase name="testGetAll_success" classname="com.memorynotfound.hibernate.JPAHibernateCRUDTest" time="0.019"/>
  <testcase name="testPersist_success" classname="com.memorynotfound.hibernate.JPAHibernateCRUDTest" time="0.042"/>
  <testcase name="testDelete_success" classname="com.memorynotfound.hibernate.JPAHibernateCRUDTest" time="0.01"/>
</testsuite>